<?xml version="1.0" encoding="UTF-8"?>
<!-- Generated by org.testng.reporters.JUnitXMLReporter -->
<testsuite hostname="DESKTOP-T9IJKIM" ignored="0" name="Default test" tests="3" failures="0" timestamp="2020-06-02T11:47:29 EDT" time="25.313" errors="0">
  <testcase name="emptyUsernameLogin" time="0.52" classname="com.hrms.testcases.LoginTest"/>
  <testcase name="invalidPasswordLogin" time="4.488" classname="com.hrms.testcases.LoginTest"/>
  <testcase name="validAdminLogin" time="2.835" classname="com.hrms.testcases.LoginTest"/>
</testsuite> <!-- Default test -->
