<?xml version="1.0" encoding="UTF-8"?>
<!-- Generated by org.testng.reporters.JUnitXMLReporter -->
<testsuite hostname="DESKTOP-T9IJKIM" ignored="0" name="Test" tests="3" failures="0" timestamp="2020-06-02T11:50:39 EDT" time="26.778" errors="0">
  <testcase name="emptyUsernameLogin" time="0.427" classname="com.hrms.testcases.LoginTest"/>
  <testcase name="invalidPasswordLogin" time="2.703" classname="com.hrms.testcases.LoginTest"/>
  <testcase name="validAdminLogin" time="6.182" classname="com.hrms.testcases.LoginTest"/>
</testsuite> <!-- Test -->
