<?xml version="1.0" encoding="UTF-8"?>
<!-- Generated by org.testng.reporters.JUnitXMLReporter -->
<testsuite hostname="DESKTOP-T9IJKIM" ignored="7" name="Smoke Test" tests="1" failures="1" timestamp="2020-06-02T11:11:34 EDT" time="0.062" errors="0">
  <testcase name="validAdminLogin" time="0.012" classname="com.hrms.testcases.LoginTest">
    <failure type="java.lang.NullPointerException">
      <![CDATA[java.lang.NullPointerException
at com.hrms.testcases.LoginTest.validAdminLogin(LoginTest.java:13)
at java.util.ArrayList.forEach(Unknown Source)
... Removed 27 stack frames]]>
    </failure>
  </testcase> <!-- validAdminLogin -->
  <testcase name="eddEmp" time="0.0" classname="com.hrms.testcases.AddEmployeeHW">
    <ignored/>
  </testcase> <!-- eddEmp -->
  <testcase name="login" time="0.0" classname="com.hrms.testcases.SauseParametrDemo">
    <ignored/>
  </testcase> <!-- login -->
  <testcase name="invalidPasswordLogin" time="0.0" classname="com.hrms.testcases.LoginTest">
    <ignored/>
  </testcase> <!-- invalidPasswordLogin -->
  <testcase name="validLogin" time="0.0" classname="com.hrms.testcases.Bayram">
    <ignored/>
  </testcase> <!-- validLogin -->
  <testcase name="emptyUsernameLogin" time="0.0" classname="com.hrms.testcases.LoginTest">
    <ignored/>
  </testcase> <!-- emptyUsernameLogin -->
  <testcase name="test" time="0.0" classname="com.hrms.testcases.AddEmployeeTest">
    <ignored/>
  </testcase> <!-- test -->
  <testcase name="InvalidLogin" time="0.0" classname="com.hrms.testcases.Bayram">
    <ignored/>
  </testcase> <!-- InvalidLogin -->
</testsuite> <!-- Smoke Test -->
