<?xml version="1.0" encoding="UTF-8"?>
<!-- Generated by org.testng.reporters.JUnitXMLReporter -->
<testsuite hostname="DESKTOP-T9IJKIM" ignored="0" name="Regression Test" tests="1" failures="1" timestamp="2020-06-02T11:34:00 EDT" time="0.058" errors="0">
  <testcase name="test" time="0.007" classname="com.hrms.testcases.AddEmployeeTest">
    <failure type="java.lang.NullPointerException">
      <![CDATA[java.lang.NullPointerException
at com.hrms.utils.ConfigsReader.getProperty(ConfigsReader.java:37)
at com.hrms.testcases.AddEmployeeTest.test(AddEmployeeTest.java:16)
at java.util.ArrayList.forEach(Unknown Source)
... Removed 27 stack frames]]>
    </failure>
  </testcase> <!-- test -->
</testsuite> <!-- Regression Test -->
